<?xml version="1.0" encoding="UTF-8"?>
<!-- Generated by org.testng.reporters.JUnitReportReporter -->
<testsuite skipped="0" hostname="DESKTOP-IJK1759" name="registrartion.RegistrationTest" tests="1" failures="0" timestamp="13 Apr 2020 13:42:49 GMT" time="7.110" errors="0">
  <testcase name="registrationTest" time="7.110" classname="registrartion.RegistrationTest"/>
</testsuite> <!-- registrartion.RegistrationTest -->
