<?xml version="1.0" encoding="UTF-8"?>
<!-- Generated by org.testng.reporters.JUnitReportReporter -->
<testsuite skipped="0" hostname="DESKTOP-IJK1759" name="practice.A" tests="1" failures="0" timestamp="17 Apr 2020 16:33:20 GMT" time="4.834" errors="0">
  <testcase name="test" time="4.834" classname="practice.A"/>
</testsuite> <!-- practice.A -->
