<?xml version="1.0" encoding="UTF-8"?>
<!-- Generated by org.testng.reporters.JUnitReportReporter -->
<testsuite skipped="0" hostname="DESKTOP-IJK1759" name="practice.PrintDifferentInput" tests="1" failures="0" timestamp="17 Apr 2020 14:48:11 GMT" time="1.209" errors="0">
  <testcase name="testPrint" time="1.209" classname="practice.PrintDifferentInput"/>
</testsuite> <!-- practice.PrintDifferentInput -->
