<?xml version="1.0" encoding="UTF-8"?>
<!-- Generated by org.testng.reporters.JUnitReportReporter -->
<testsuite skipped="0" hostname="DESKTOP-IJK1759" name="excel.CreateExcelSheet" tests="1" failures="0" timestamp="28 Apr 2020 15:31:18 GMT" time="0.606" errors="0">
  <testcase name="getExcelData" time="0.606" classname="excel.CreateExcelSheet"/>
</testsuite> <!-- excel.CreateExcelSheet -->
